<?xml version="1.0" encoding="UTF-8" ?>
<testsuites>
  <testsuite errors="0" failures="0" hostname="new-host-2.home" id="0" name="PersonIntegrationTests" package="com.genealogytree" tests="7" time="5.247" timestamp="2010-02-18T05:01:32">
      <properties />

      <testcase classname="com.genealogytree.PersonIntegrationTests" name="testFirstSaveEver" time="3.112" />

      <testcase classname="com.genealogytree.PersonIntegrationTests" name="testSaveAndUpdate" time="0.345" />

      <testcase classname="com.genealogytree.PersonIntegrationTests" name="testSaveThenDelete" time="0.686" />

      <testcase classname="com.genealogytree.PersonIntegrationTests" name="testEvilSave" time="0.463" />

      <testcase classname="com.genealogytree.PersonIntegrationTests" name="testEvilSaveCorrected" time="0.011" />

      <testcase classname="com.genealogytree.PersonIntegrationTests" name="testRelationships" time="0.041" />

      <testcase classname="com.genealogytree.PersonIntegrationTests" name="testTreeMembers" time="0.039" />

      <system-out><![CDATA[--Output from testFirstSaveEver--
--Output from testSaveAndUpdate--
--Output from testSaveThenDelete--
--Output from testEvilSave--
--Output from testEvilSaveCorrected--
--Output from testRelationships--
--Output from testTreeMembers--
]]></system-out>

      <system-err><![CDATA[--Output from testFirstSaveEver--
--Output from testSaveAndUpdate--
--Output from testSaveThenDelete--
--Output from testEvilSave--
--Output from testEvilSaveCorrected--
--Output from testRelationships--
--Output from testTreeMembers--
]]></system-err>

  </testsuite>
</testsuites>
